1:C 27 Sep 2022 02:45:42.210 # oO0OoO0OoO0Oo Redis is starting oO0OoO0OoO0Oo
1:C 27 Sep 2022 02:45:42.215 # Redis version=7.0.4, bits=64, commit=00000000, modified=0, pid=1, just started
1:C 27 Sep 2022 02:45:42.218 # Configuration loaded
1:S 27 Sep 2022 02:45:42.224 * monotonic clock: POSIX clock_gettime
1:S 27 Sep 2022 02:45:42.227 * Running mode=standalone, port=6379.
1:S 27 Sep 2022 02:45:42.229 # Server initialized
1:S 27 Sep 2022 02:45:42.232 * Ready to accept connections
1:S 27 Sep 2022 02:45:42.234 * Connecting to MASTER m1:6379
1:S 27 Sep 2022 02:45:42.237 * MASTER <-> REPLICA sync started
1:S 27 Sep 2022 02:45:42.240 * Non blocking connect for SYNC fired the event.
1:S 27 Sep 2022 02:45:42.244 * Master replied to PING, replication can continue...
1:S 27 Sep 2022 02:45:42.246 * Partial resynchronization not possible (no cached master)
1:S 27 Sep 2022 02:45:47.357 * Full resync from master: 29317551b4282aaadb7d427d2f33d2244548c23f:0
1:S 27 Sep 2022 02:45:47.365 * MASTER <-> REPLICA sync: receiving streamed RDB from master with EOF to disk
1:S 27 Sep 2022 02:45:47.373 * MASTER <-> REPLICA sync: Flushing old data
1:S 27 Sep 2022 02:45:47.375 * MASTER <-> REPLICA sync: Loading DB in memory
1:S 27 Sep 2022 02:45:47.381 * Loading RDB produced by version 7.0.4
1:S 27 Sep 2022 02:45:47.383 * RDB age 0 seconds
1:S 27 Sep 2022 02:45:47.384 * RDB memory usage when created 0.90 Mb
1:S 27 Sep 2022 02:45:47.386 * Done loading RDB, keys loaded: 0, keys expired: 0.
1:S 27 Sep 2022 02:45:47.388 * MASTER <-> REPLICA sync: Finished with success
1:S 27 Sep 2022 03:22:01.177 # MASTER timeout: no data nor PING received...
1:S 27 Sep 2022 03:22:01.181 # Connection with master lost.
1:S 27 Sep 2022 03:22:01.243 * Caching the disconnected master state.
1:S 27 Sep 2022 03:22:01.246 * Reconnecting to MASTER m1:6379
1:S 27 Sep 2022 03:22:01.249 * MASTER <-> REPLICA sync started
1:S 27 Sep 2022 03:22:01.251 * Non blocking connect for SYNC fired the event.
1:S 27 Sep 2022 03:22:01.254 * Master replied to PING, replication can continue...
1:S 27 Sep 2022 03:22:01.258 * Trying a partial resynchronization (request 29317551b4282aaadb7d427d2f33d2244548c23f:2129).
1:S 27 Sep 2022 03:22:01.262 * Successful partial resynchronization with master.
1:S 27 Sep 2022 03:22:01.266 * MASTER <-> REPLICA sync: Master accepted a Partial Resynchronization.
1:C 27 Sep 2022 03:25:23.920 # oO0OoO0OoO0Oo Redis is starting oO0OoO0OoO0Oo
1:C 27 Sep 2022 03:25:23.922 # Redis version=7.0.4, bits=64, commit=00000000, modified=0, pid=1, just started
1:C 27 Sep 2022 03:25:23.924 # Configuration loaded
1:S 27 Sep 2022 03:25:23.927 * monotonic clock: POSIX clock_gettime
1:S 27 Sep 2022 03:25:23.930 * Running mode=standalone, port=6379.
1:S 27 Sep 2022 03:25:23.932 # Server initialized
1:S 27 Sep 2022 03:25:23.936 * Loading RDB produced by version 7.0.4
1:S 27 Sep 2022 03:25:23.937 * RDB age 2376 seconds
1:S 27 Sep 2022 03:25:23.938 * RDB memory usage when created 0.90 Mb
1:S 27 Sep 2022 03:25:23.940 * Done loading RDB, keys loaded: 0, keys expired: 0.
1:S 27 Sep 2022 03:25:23.941 * DB loaded from disk: 0.007 seconds
1:S 27 Sep 2022 03:25:23.943 * Before turning into a replica, using my own master parameters to synthesize a cached master: I may be able to synchronize with the new master with just a partial transfer.
1:S 27 Sep 2022 03:25:23.945 * Ready to accept connections
1:S 27 Sep 2022 03:25:23.947 * Connecting to MASTER m1:6379
1:S 27 Sep 2022 03:25:23.951 * MASTER <-> REPLICA sync started
1:S 27 Sep 2022 03:25:24.966 * Non blocking connect for SYNC fired the event.
1:S 27 Sep 2022 03:25:24.969 * Master replied to PING, replication can continue...
1:S 27 Sep 2022 03:25:24.971 * Trying a partial resynchronization (request 29317551b4282aaadb7d427d2f33d2244548c23f:1).
1:S 27 Sep 2022 03:25:29.275 * Full resync from master: b5ae9aa4a61a19138b734c5d8121cc18d90f934d:0
1:S 27 Sep 2022 03:25:29.333 * MASTER <-> REPLICA sync: receiving streamed RDB from master with EOF to disk
1:S 27 Sep 2022 03:25:29.338 * Discarding previously cached master state.
1:S 27 Sep 2022 03:25:29.342 * MASTER <-> REPLICA sync: Flushing old data
1:S 27 Sep 2022 03:25:29.345 * MASTER <-> REPLICA sync: Loading DB in memory
1:S 27 Sep 2022 03:25:29.357 * Loading RDB produced by version 7.0.4
1:S 27 Sep 2022 03:25:29.360 * RDB age 0 seconds
1:S 27 Sep 2022 03:25:29.363 * RDB memory usage when created 0.90 Mb
1:S 27 Sep 2022 03:25:29.364 * Done loading RDB, keys loaded: 0, keys expired: 0.
1:S 27 Sep 2022 03:25:29.367 * MASTER <-> REPLICA sync: Finished with success
1:C 27 Sep 2022 03:26:58.013 # oO0OoO0OoO0Oo Redis is starting oO0OoO0OoO0Oo
1:C 27 Sep 2022 03:26:58.015 # Redis version=7.0.4, bits=64, commit=00000000, modified=0, pid=1, just started
1:C 27 Sep 2022 03:26:58.017 # Configuration loaded
1:S 27 Sep 2022 03:26:58.020 * monotonic clock: POSIX clock_gettime
1:S 27 Sep 2022 03:26:58.023 * Running mode=standalone, port=6379.
1:S 27 Sep 2022 03:26:58.024 # Server initialized
1:S 27 Sep 2022 03:26:58.029 * Loading RDB produced by version 7.0.4
1:S 27 Sep 2022 03:26:58.031 * RDB age 89 seconds
1:S 27 Sep 2022 03:26:58.033 * RDB memory usage when created 0.90 Mb
1:S 27 Sep 2022 03:26:58.035 * Done loading RDB, keys loaded: 0, keys expired: 0.
1:S 27 Sep 2022 03:26:58.037 * DB loaded from disk: 0.009 seconds
1:S 27 Sep 2022 03:26:58.039 * Before turning into a replica, using my own master parameters to synthesize a cached master: I may be able to synchronize with the new master with just a partial transfer.
1:S 27 Sep 2022 03:26:58.041 * Ready to accept connections
1:S 27 Sep 2022 03:26:58.043 * Connecting to MASTER m1:6379
1:S 27 Sep 2022 03:26:58.046 * MASTER <-> REPLICA sync started
1:S 27 Sep 2022 03:26:59.110 * Non blocking connect for SYNC fired the event.
1:S 27 Sep 2022 03:26:59.112 * Master replied to PING, replication can continue...
1:S 27 Sep 2022 03:26:59.114 * Trying a partial resynchronization (request b5ae9aa4a61a19138b734c5d8121cc18d90f934d:1).
1:S 27 Sep 2022 03:27:03.322 * Full resync from master: 630a3254d7ec1f301e98f4d896ccc1c93c1a19d4:0
1:S 27 Sep 2022 03:27:03.382 * MASTER <-> REPLICA sync: receiving streamed RDB from master with EOF to disk
1:S 27 Sep 2022 03:27:03.387 * Discarding previously cached master state.
1:S 27 Sep 2022 03:27:03.390 * MASTER <-> REPLICA sync: Flushing old data
1:S 27 Sep 2022 03:27:03.392 * MASTER <-> REPLICA sync: Loading DB in memory
1:S 27 Sep 2022 03:27:03.398 * Loading RDB produced by version 7.0.4
1:S 27 Sep 2022 03:27:03.400 * RDB age 0 seconds
1:S 27 Sep 2022 03:27:03.402 * RDB memory usage when created 0.90 Mb
1:S 27 Sep 2022 03:27:03.403 * Done loading RDB, keys loaded: 0, keys expired: 0.
1:S 27 Sep 2022 03:27:03.405 * MASTER <-> REPLICA sync: Finished with success
1:S 27 Sep 2022 03:36:31.636 # Connection with master lost.
1:S 27 Sep 2022 03:36:31.639 * Caching the disconnected master state.
1:S 27 Sep 2022 03:36:31.641 * Reconnecting to MASTER m1:6379
1:S 27 Sep 2022 03:36:31.644 * MASTER <-> REPLICA sync started
1:S 27 Sep 2022 03:36:31.646 # Error condition on socket for SYNC: Connection refused
1:C 27 Sep 2022 03:36:48.643 # oO0OoO0OoO0Oo Redis is starting oO0OoO0OoO0Oo
1:C 27 Sep 2022 03:36:48.646 # Redis version=7.0.4, bits=64, commit=00000000, modified=0, pid=1, just started
1:C 27 Sep 2022 03:36:48.648 # Configuration loaded
1:S 27 Sep 2022 03:36:48.651 * monotonic clock: POSIX clock_gettime
1:S 27 Sep 2022 03:36:48.654 * Running mode=standalone, port=6379.
1:S 27 Sep 2022 03:36:48.656 # Server initialized
1:S 27 Sep 2022 03:36:48.661 * Loading RDB produced by version 7.0.4
1:S 27 Sep 2022 03:36:48.663 * RDB age 585 seconds
1:S 27 Sep 2022 03:36:48.665 * RDB memory usage when created 0.90 Mb
1:S 27 Sep 2022 03:36:48.667 * Done loading RDB, keys loaded: 0, keys expired: 0.
1:S 27 Sep 2022 03:36:48.670 * DB loaded from disk: 0.010 seconds
1:S 27 Sep 2022 03:36:48.672 * Before turning into a replica, using my own master parameters to synthesize a cached master: I may be able to synchronize with the new master with just a partial transfer.
1:S 27 Sep 2022 03:36:48.674 * Ready to accept connections
1:S 27 Sep 2022 03:36:48.677 * Connecting to MASTER m1:6379
1:S 27 Sep 2022 03:36:48.682 * MASTER <-> REPLICA sync started
1:S 27 Sep 2022 03:36:48.688 * Non blocking connect for SYNC fired the event.
1:S 27 Sep 2022 03:36:48.691 * Master replied to PING, replication can continue...
1:S 27 Sep 2022 03:36:48.693 * Trying a partial resynchronization (request 630a3254d7ec1f301e98f4d896ccc1c93c1a19d4:1).
1:S 27 Sep 2022 03:36:53.453 * Full resync from master: f95faf01ce3debdd30446614d6235c9a25e2863e:293
1:S 27 Sep 2022 03:36:53.464 * MASTER <-> REPLICA sync: receiving streamed RDB from master with EOF to disk
1:S 27 Sep 2022 03:36:53.468 * Discarding previously cached master state.
1:S 27 Sep 2022 03:36:53.470 * MASTER <-> REPLICA sync: Flushing old data
1:S 27 Sep 2022 03:36:53.472 * MASTER <-> REPLICA sync: Loading DB in memory
1:S 27 Sep 2022 03:36:53.478 * Loading RDB produced by version 7.0.4
1:S 27 Sep 2022 03:36:53.480 * RDB age 0 seconds
1:S 27 Sep 2022 03:36:53.483 * RDB memory usage when created 1.06 Mb
1:S 27 Sep 2022 03:36:53.485 * Done loading RDB, keys loaded: 0, keys expired: 0.
1:S 27 Sep 2022 03:36:53.490 * MASTER <-> REPLICA sync: Finished with success
1:S 27 Sep 2022 03:58:28.354 # Connection with master lost.
1:S 27 Sep 2022 03:58:28.360 * Caching the disconnected master state.
1:S 27 Sep 2022 03:58:28.364 * Reconnecting to MASTER m1:6379
1:S 27 Sep 2022 03:58:28.368 * MASTER <-> REPLICA sync started
1:S 27 Sep 2022 03:58:28.374 # Error condition on socket for SYNC: Connection refused
1:C 27 Sep 2022 03:58:49.352 # oO0OoO0OoO0Oo Redis is starting oO0OoO0OoO0Oo
1:C 27 Sep 2022 03:58:49.356 # Redis version=7.0.4, bits=64, commit=00000000, modified=0, pid=1, just started
1:C 27 Sep 2022 03:58:49.359 # Configuration loaded
1:S 27 Sep 2022 03:58:49.365 * monotonic clock: POSIX clock_gettime
1:S 27 Sep 2022 03:58:49.377 * Running mode=standalone, port=6379.
1:S 27 Sep 2022 03:58:49.381 # Server initialized
1:S 27 Sep 2022 03:58:49.388 * Loading RDB produced by version 7.0.4
1:S 27 Sep 2022 03:58:49.390 * RDB age 1316 seconds
1:S 27 Sep 2022 03:58:49.394 * RDB memory usage when created 1.06 Mb
1:S 27 Sep 2022 03:58:49.396 * Done loading RDB, keys loaded: 0, keys expired: 0.
1:S 27 Sep 2022 03:58:49.400 * DB loaded from disk: 0.012 seconds
1:S 27 Sep 2022 03:58:49.403 * Before turning into a replica, using my own master parameters to synthesize a cached master: I may be able to synchronize with the new master with just a partial transfer.
1:S 27 Sep 2022 03:58:49.406 * Ready to accept connections
1:S 27 Sep 2022 03:58:49.409 * Connecting to MASTER m1:6379
1:S 27 Sep 2022 03:58:49.420 * MASTER <-> REPLICA sync started
1:S 27 Sep 2022 03:58:49.424 * Non blocking connect for SYNC fired the event.
1:S 27 Sep 2022 03:58:49.430 * Master replied to PING, replication can continue...
1:S 27 Sep 2022 03:58:49.440 * Trying a partial resynchronization (request f95faf01ce3debdd30446614d6235c9a25e2863e:294).
1:S 27 Sep 2022 03:58:54.131 * Full resync from master: 5820889e7eb4f78b126391a1d748196f1a494477:428
1:S 27 Sep 2022 03:58:54.191 * MASTER <-> REPLICA sync: receiving streamed RDB from master with EOF to disk
1:S 27 Sep 2022 03:58:54.203 * Discarding previously cached master state.
1:S 27 Sep 2022 03:58:54.206 * MASTER <-> REPLICA sync: Flushing old data
1:S 27 Sep 2022 03:58:54.209 * MASTER <-> REPLICA sync: Loading DB in memory
1:S 27 Sep 2022 03:58:54.218 * Loading RDB produced by version 7.0.4
1:S 27 Sep 2022 03:58:54.221 * RDB age 0 seconds
1:S 27 Sep 2022 03:58:54.223 * RDB memory usage when created 1.14 Mb
1:S 27 Sep 2022 03:58:54.226 * Done loading RDB, keys loaded: 0, keys expired: 0.
1:S 27 Sep 2022 03:58:54.229 * MASTER <-> REPLICA sync: Finished with success
1:S 27 Sep 2022 04:58:13.776 # Connection with master lost.
1:S 27 Sep 2022 04:58:13.779 * Caching the disconnected master state.
1:S 27 Sep 2022 04:58:13.781 * Reconnecting to MASTER m1:6379
1:S 27 Sep 2022 04:58:13.784 * MASTER <-> REPLICA sync started
1:S 27 Sep 2022 04:58:13.786 * Non blocking connect for SYNC fired the event.
1:S 27 Sep 2022 04:58:13.791 * Master replied to PING, replication can continue...
1:S 27 Sep 2022 04:58:13.792 * Trying a partial resynchronization (request 5820889e7eb4f78b126391a1d748196f1a494477:369255).
1:S 27 Sep 2022 04:58:13.796 * Successful partial resynchronization with master.
1:S 27 Sep 2022 04:58:13.799 * MASTER <-> REPLICA sync: Master accepted a Partial Resynchronization.
1:S 27 Sep 2022 05:15:19.839 # Connection with master lost.
1:S 27 Sep 2022 05:15:19.842 * Caching the disconnected master state.
1:S 27 Sep 2022 05:15:19.843 * Reconnecting to MASTER m1:6379
1:S 27 Sep 2022 05:15:19.846 * MASTER <-> REPLICA sync started
1:S 27 Sep 2022 05:15:19.848 * Non blocking connect for SYNC fired the event.
1:S 27 Sep 2022 05:15:19.850 * Master replied to PING, replication can continue...
1:S 27 Sep 2022 05:15:19.855 * Trying a partial resynchronization (request 5820889e7eb4f78b126391a1d748196f1a494477:375088).
1:S 27 Sep 2022 05:15:19.859 * Successful partial resynchronization with master.
1:S 27 Sep 2022 05:15:19.861 * MASTER <-> REPLICA sync: Master accepted a Partial Resynchronization.
